[2022-08-18 15:27:05.645] [exthost] [info] Extension host with pid 1167 started
[2022-08-18 15:27:05.704] [exthost] [info] ExtensionService#_doActivateExtension vscode.debug-auto-launch, startup: true, activationEvent: '*'
[2022-08-18 15:27:05.710] [exthost] [info] ExtensionService#_doActivateExtension vscode.git-base, startup: true, activationEvent: '*', root cause: vscode.git
[2022-08-18 15:27:05.714] [exthost] [info] ExtensionService#_doActivateExtension vscode.ipynb, startup: true, activationEvent: '*'
[2022-08-18 15:27:05.732] [exthost] [info] ExtensionService#_doActivateExtension vscode.git, startup: true, activationEvent: '*'
[2022-08-18 15:27:05.794] [exthost] [info] ExtensionService#_doActivateExtension vscode.github, startup: true, activationEvent: '*'
[2022-08-18 15:27:05.823] [exthost] [info] Eager extensions activated
[2022-08-18 15:27:05.832] [exthost] [info] ExtensionService#_doActivateExtension vscode.emmet, startup: false, activationEvent: 'onStartupFinished'
[2022-08-18 15:27:05.845] [exthost] [info] ExtensionService#_doActivateExtension vscode.merge-conflict, startup: false, activationEvent: 'onStartupFinished'
[2022-08-18 15:27:11.975] [exthost] [info] ExtensionService#_doActivateExtension vscode.configuration-editing, startup: false, activationEvent: 'onLanguage:jsonc'
[2022-08-18 15:27:11.979] [exthost] [info] ExtensionService#_doActivateExtension vscode.json-language-features, startup: false, activationEvent: 'onLanguage:jsonc'
[2022-08-18 15:27:12.031] [exthost] [info] ExtensionService#_doActivateExtension vscode.typescript-language-features, startup: false, activationEvent: 'onLanguage:jsonc'
[2022-08-18 15:28:31.895] [exthost] [info] Extension host terminating: received terminate message from renderer
[2022-08-18 15:28:31.904] [exthost] [info] Extension host with pid 1167 exiting with code 0
[2022-08-18 15:28:33.748] [exthost] [info] Extension host with pid 1336 started
[2022-08-18 15:28:33.748] [exthost] [info] Skipping acquiring lock for /home/xfhuang/.config/VSCodium/User/workspaceStorage/e9d6672c29c0f2c25cdd7f81fd8015cf.
[2022-08-18 15:28:33.784] [exthost] [info] ExtensionService#_doActivateExtension vscode.debug-auto-launch, startup: true, activationEvent: '*'
[2022-08-18 15:28:33.786] [exthost] [info] ExtensionService#_doActivateExtension vscode.git-base, startup: true, activationEvent: '*'
[2022-08-18 15:28:33.788] [exthost] [info] ExtensionService#_doActivateExtension vscode.ipynb, startup: true, activationEvent: '*'
[2022-08-18 15:28:33.796] [exthost] [info] ExtensionService#_doActivateExtension vscode.github, startup: true, activationEvent: '*'
[2022-08-18 15:28:33.800] [exthost] [info] Eager extensions activated
[2022-08-18 15:28:33.803] [exthost] [info] ExtensionService#_doActivateExtension vscode.emmet, startup: false, activationEvent: 'onStartupFinished'
[2022-08-18 15:28:33.806] [exthost] [info] ExtensionService#_doActivateExtension vscode.merge-conflict, startup: false, activationEvent: 'onStartupFinished'
[2022-08-18 15:28:34.700] [exthost] [info] ExtensionService#_doActivateExtension vscode.git, startup: false, activationEvent: 'api', root cause: vscode.github
[2022-08-18 15:28:59.804] [exthost] [info] Extension host terminating: received terminate message from renderer
[2022-08-18 15:28:59.809] [exthost] [info] Extension host with pid 1336 exiting with code 0
